Warning: Some timing arcs have been disabled for breaking timing loops or because of constant propagation. Use the 'report_disable_timing' command to get the list of these disabled timing arcs. (PTE-003)
****************************************
Report : timing
	-path_type full
	-delay_type max
	-max_paths 1
	-sort_by slack
Design : eight_bit_select_adder
Version: O-2018.06
Date   : Thu Nov 23 01:00:03 2023
****************************************


  Startpoint: lower_adder/A_reg_reg[0]
               (rising edge-triggered flip-flop clocked by clk)
  Endpoint: lower_adder/Cout_reg_reg
               (rising edge-triggered flip-flop clocked by clk)
  Path Group: clk
  Path Type: max

  Point                                                   Incr       Path
  ------------------------------------------------------------------------------
  clock clk (rise edge)                                   0.00       0.00
  clock network delay (ideal)                             0.20       0.20
  lower_adder/A_reg_reg[0]/CLK (DFFSR)                    0.00       0.20 r
  lower_adder/A_reg_reg[0]/Q (DFFSR)                      0.57       0.77 f
  lower_adder/lower_adder/fa0/U4/Y (XOR2X1)               0.29       1.06 f
  lower_adder/lower_adder/fa0/U3/Y (AOI22X1)              0.18       1.24 r
  U38/Y (INVX2)                                           0.14       1.38 f
  lower_adder/lower_adder/fa1/U4/Y (XOR2X1)               0.27       1.65 f
  lower_adder/lower_adder/fa1/U3/Y (AOI22X1)              0.20       1.85 r
  U33/Y (INVX2)                                           0.09       1.94 f
  U29/Y (INVX2)                                           0.13       2.07 r
  lower_adder/U22/Y (AOI22X1)                             0.14       2.21 f
  U35/Y (INVX1)                                           0.08       2.29 r
  lower_adder/Cout_reg_reg/D (DFFSR)                      0.00       2.29 r
  data arrival time                                                  2.29

  clock clk (rise edge)                                   2.81       2.81
  clock network delay (ideal)                             0.20       3.01
  clock reconvergence pessimism                           0.00       3.01
  clock uncertainty                                      -0.50       2.51
  lower_adder/Cout_reg_reg/CLK (DFFSR)                               2.51 r
  library setup time                                     -0.21       2.30
  data required time                                                 2.30
  ------------------------------------------------------------------------------
  data required time                                                 2.30
  data arrival time                                                 -2.29
  ------------------------------------------------------------------------------
  slack (MET)                                                        0.01


1
