 
****************************************
Report : reference
Design : four_bit_select_adder
Version: Q-2019.12-SP3
Date   : Thu Nov 23 21:48:21 2023
****************************************

Attributes:
    b - black box (unknown)
   bo - allows boundary optimization
    d - dont_touch
   mo - map_only
    h - hierarchical
    n - noncombinational
    r - removable
    s - synthetic operator
    u - contains unmapped logic

Reference          Library       Unit Area   Count    Total Area   Attributes
-----------------------------------------------------------------------------
AND2X2             osu05_stdcells
                                288.000000       2    576.000000  
AOI21X1            osu05_stdcells
                                288.000000       3    864.000000  
AOI22X1            osu05_stdcells
                                360.000000       3   1080.000000  
BUFX2              osu05_stdcells
                                216.000000       1    216.000000  
BUFX4              osu05_stdcells
                                288.000000       1    288.000000  
DFFSR              osu05_stdcells
                               1584.000000      13  20592.000000  n
INVX1              osu05_stdcells
                                144.000000       5    720.000000  
INVX2              osu05_stdcells
                                144.000000       9   1296.000000  
MUX2X1             osu05_stdcells
                                432.000000       1    432.000000  
NAND2X1            osu05_stdcells
                                216.000000       5   1080.000000  
NOR2X1             osu05_stdcells
                                216.000000       2    432.000000  
OAI21X1            osu05_stdcells
                                207.000000       5   1035.000000  
XNOR2X1            osu05_stdcells
                                504.000000       3   1512.000000  
XOR2X1             osu05_stdcells
                                504.000000       6   3024.000000  
-----------------------------------------------------------------------------
Total 14 references                                 33147.000000
1
