 
****************************************
Report : area
Design : eight_bit_select_adder
Version: Q-2019.12-SP3
Date   : Thu Nov 23 00:41:31 2023
****************************************

Library(s) Used:

    osu05_stdcells (File: /home/amaso/common/Documents/ECE527/527_Project2/DCandPT/syn/work/osu05_stdcells.db)

Number of ports:                           28
Number of nets:                           207
Number of cells:                          188
Number of combinational cells:             92
Number of sequential cells:                48
Number of macros/black boxes:               0
Number of buf/inv:                         32
Number of references:                       9

Combinational area:              29664.000000
Buf/Inv area:                     4608.000000
Noncombinational area:           76032.000000
Macro/Black Box area:                0.000000
Net Interconnect area:      undefined  (No wire load specified)

Total cell area:                105696.000000
Total area:                 undefined
1
