 
****************************************
Report : reference
Design : eight_bit_select_adder
Version: Q-2019.12-SP3
Date   : Wed Nov 22 22:53:47 2023
****************************************

Attributes:
    b - black box (unknown)
   bo - allows boundary optimization
    d - dont_touch
   mo - map_only
    h - hierarchical
    n - noncombinational
    r - removable
    s - synthetic operator
    u - contains unmapped logic

Reference          Library       Unit Area   Count    Total Area   Attributes
-----------------------------------------------------------------------------
AND2X2             osu05_stdcells
                                288.000000       4   1152.000000  
AOI22X1            osu05_stdcells
                                360.000000      24   8640.000000  
DFFSR              osu05_stdcells
                               1584.000000      48  76032.000000  n
INVX1              osu05_stdcells
                                144.000000       5    720.000000  
INVX2              osu05_stdcells
                                144.000000      27   3888.000000  
OR2X1              osu05_stdcells
                                288.000000       1    288.000000  
OR2X2              osu05_stdcells
                                288.000000       3    864.000000  
XNOR2X1            osu05_stdcells
                                504.000000       1    504.000000  
XOR2X1             osu05_stdcells
                                504.000000      27  13608.000000  
-----------------------------------------------------------------------------
Total 9 references                                  105696.000000
1
