Loading db file '/home/amaso/common/Documents/ECE527/527_Project2/DCandPT/syn/work/osu05_stdcells.db'
Information: Propagating switching activity (low effort zero delay simulation). (PWR-6)
Warning: Design has unannotated primary inputs. (PWR-414)
Warning: Design has unannotated sequential cell outputs. (PWR-415)
 
****************************************
Report : power
        -analysis_effort low
Design : eight_bit_select_adder
Version: Q-2019.12-SP3
Date   : Thu Nov 23 00:41:32 2023
****************************************


Library(s) Used:

    osu05_stdcells (File: /home/amaso/common/Documents/ECE527/527_Project2/DCandPT/syn/work/osu05_stdcells.db)


Operating Conditions: typical   Library: osu05_stdcells
Wire Load Model Mode: top


Global Operating Voltage = 5    
Power-specific unit information :
    Voltage Units = 1V
    Capacitance Units = 1.000000pf
    Time Units = 1ns
    Dynamic Power Units = 1mW    (derived from V,C,T units)
    Leakage Power Units = 1nW


  Cell Internal Power  =  45.8265 mW   (92%)
  Net Switching Power  =   3.9717 mW    (8%)
                         ---------
Total Dynamic Power    =  49.7981 mW  (100%)

Cell Leakage Power     =  34.7127 nW


                 Internal         Switching           Leakage            Total
Power Group      Power            Power               Power              Power   (   %    )  Attrs
--------------------------------------------------------------------------------------------------
io_pad             0.0000            0.0000            0.0000            0.0000  (   0.00%)
memory             0.0000            0.0000            0.0000            0.0000  (   0.00%)
black_box          0.0000            0.0000            0.0000            0.0000  (   0.00%)
clock_network      0.0000            0.0000            0.0000            0.0000  (   0.00%)
register          41.6853            1.5875           25.5829           43.2729  (  86.90%)
sequential         0.0000            0.0000            0.0000            0.0000  (   0.00%)
combinational      4.1411            2.3842            9.1298            6.5253  (  13.10%)
--------------------------------------------------------------------------------------------------
Total             45.8265 mW         3.9717 mW        34.7127 nW        49.7982 mW
1
