 
****************************************
Report : reference
Design : four_bit_select_adder
Version: Q-2019.12-SP3
Date   : Tue Nov 21 18:45:52 2023
****************************************

Attributes:
    b - black box (unknown)
   bo - allows boundary optimization
    d - dont_touch
   mo - map_only
    h - hierarchical
    n - noncombinational
    r - removable
    s - synthetic operator
    u - contains unmapped logic

Reference          Library       Unit Area   Count    Total Area   Attributes
-----------------------------------------------------------------------------
AND2X2             osu05_stdcells
                                288.000000       1    288.000000  
AOI22X1            osu05_stdcells
                                360.000000       7   2520.000000  
DFFSR              osu05_stdcells
                               1584.000000      13  20592.000000  n
INVX1              osu05_stdcells
                                144.000000       5    720.000000  
INVX2              osu05_stdcells
                                144.000000       7   1008.000000  
OR2X2              osu05_stdcells
                                288.000000       1    288.000000  
XOR2X1             osu05_stdcells
                                504.000000      10   5040.000000  
-----------------------------------------------------------------------------
Total 7 references                                  30456.000000
1
